<?xml version="1.0" encoding="UTF-8"?>
<!-- Generated by org.testng.reporters.JUnitReportReporter -->
<testsuite skipped="0" hostname="BDC4-D-9Y0G882" name="PageObjectModel.Factor_demo2" tests="1" failures="0" timestamp="2020-02-11T12:56:10 IST" time="26.817" errors="0">
  <testcase name="f" time="26.817" classname="PageObjectModel.Factor_demo2"/>
</testsuite> <!-- PageObjectModel.Factor_demo2 -->
