<?xml version="1.0" encoding="UTF-8"?>
<!-- Generated by org.testng.reporters.JUnitReportReporter -->
<testsuite skipped="0" hostname="BDC4-D-9Y0G882" name="com.test.Demo2_Testing" tests="1" failures="0" timestamp="2020-02-10T12:35:21 IST" time="0.000" errors="0">
  <testcase name="Register" time="0.000" classname="com.test.Demo2_Testing"/>
</testsuite> <!-- com.test.Demo2_Testing -->
