<?xml version="1.0" encoding="UTF-8"?>
<!-- Generated by org.testng.reporters.JUnitReportReporter -->
<testsuite skipped="0" hostname="BDC4-D-9Y0G882" name="StepDef.test_demo" tests="1" failures="0" timestamp="2020-02-11T15:40:27 IST" time="0.614" errors="0">
  <testcase name="f" time="0.614" classname="StepDef.test_demo"/>
</testsuite> <!-- StepDef.test_demo -->
