<?xml version="1.0" encoding="UTF-8"?>
<!-- Generated by org.testng.reporters.JUnitReportReporter -->
<testsuite skipped="0" hostname="BDC4-D-9Y0G882" name="com.test.Demo1_TestNG" tests="1" failures="0" timestamp="2020-02-10T12:12:55 IST" time="0.016" errors="0">
  <testcase name="f" time="0.016" classname="com.test.Demo1_TestNG"/>
</testsuite> <!-- com.test.Demo1_TestNG -->
