<?xml version="1.0" encoding="UTF-8"?>
<!-- Generated by org.testng.reporters.JUnitReportReporter -->
<testsuite skipped="0" hostname="BDC4-D-9Y0G882" name="com.test.Demo3_webdriver" tests="1" failures="0" timestamp="2020-02-10T13:14:45 IST" time="26.260" errors="0">
  <testcase name="f" time="26.260" classname="com.test.Demo3_webdriver"/>
</testsuite> <!-- com.test.Demo3_webdriver -->
